[0.008s] Invoking command in '/home/ju/turtlebotsim/build/turtlebot3': CMAKE_PREFIX_PATH=${CMAKE_PREFIX_PATH}:/opt/ros/humble /usr/bin/cmake --build /home/ju/turtlebotsim/build/turtlebot3 -- -j20 -l20
[0.036s] [35m[1mConsolidate compiler generated dependencies of target goal_pose_to_nav2[0m
[0.045s] [ 20%] Built target cmd_vel_halver
[0.045s] [ 40%] [32mBuilding CXX object CMakeFiles/goal_pose_to_nav2.dir/nodes/goal_pose_to_nav2.cpp.o[0m
[0.045s] [ 50%] Built target map_to_stl_node
[0.047s] [ 70%] Built target map_to_world_node
[0.050s] [ 90%] Built target map_to_stl_topic
[2.836s] [100%] [32m[1mLinking CXX executable goal_pose_to_nav2[0m
[2.953s] /usr/bin/ld: /usr/lib/gcc/x86_64-linux-gnu/11/../../../x86_64-linux-gnu/Scrt1.o: in function `_start':
[2.954s] (.text+0x1b): undefined reference to `main'
[2.956s] collect2: error: ld returned 1 exit status
[2.957s] gmake[2]: *** [CMakeFiles/goal_pose_to_nav2.dir/build.make:214: goal_pose_to_nav2] Error 1
[2.957s] gmake[1]: *** [CMakeFiles/Makefile2:249: CMakeFiles/goal_pose_to_nav2.dir/all] Error 2
[2.958s] gmake: *** [Makefile:146: all] Error 2
[2.959s] Invoked command in '/home/ju/turtlebotsim/build/turtlebot3' returned '2': CMAKE_PREFIX_PATH=${CMAKE_PREFIX_PATH}:/opt/ros/humble /usr/bin/cmake --build /home/ju/turtlebotsim/build/turtlebot3 -- -j20 -l20
