[0.007s] Invoking command in '/home/ju/turtlebotsim/build/turtlebot3': CMAKE_PREFIX_PATH=${CMAKE_PREFIX_PATH}:/opt/ros/humble /usr/bin/cmake --build /home/ju/turtlebotsim/build/turtlebot3 -- -j20 -l20
[0.035s] [35m[1mConsolidate compiler generated dependencies of target goal_pose_to_nav2[0m
[0.042s] [ 20%] Built target cmd_vel_halver
[0.043s] [ 40%] Built target map_to_world_node
[0.043s] [ 60%] Built target map_to_stl_node
[0.043s] [ 80%] Built target map_to_stl_topic
[0.047s] [ 90%] [32mBuilding CXX object CMakeFiles/goal_pose_to_nav2.dir/nodes/goal_pose_to_nav2.cpp.o[0m
[1.312s] [01m[K/home/ju/turtlebotsim/src/turtlebot3/nodes/goal_pose_to_nav2.cpp:[m[K In member function â€˜[01m[Kvoid GoalMover::odom_callback(nav_msgs::msg::Odometry_<std::allocator<void> >::SharedPtr)[m[Kâ€™:
[1.312s] [01m[K/home/ju/turtlebotsim/src/turtlebot3/nodes/goal_pose_to_nav2.cpp:66:35:[m[K [01;31m[Kerror: [m[Kcannot convert â€˜[01m[Kconst std::_Swallow_assign[m[Kâ€™ to â€˜[01m[Ktf2Scalar&[m[Kâ€™ {aka â€˜[01m[Kdouble&[m[Kâ€™}
[1.312s]    66 |     tf2::Matrix3x3(q).getRPY([01;31m[Kstd::ignore[m[K, std::ignore, robot_yaw_);
[1.312s]       |                              [01;31m[K~~~~~^~~~~~[m[K
[1.312s]       |                                   [01;31m[K|[m[K
[1.312s]       |                                   [01;31m[Kconst std::_Swallow_assign[m[K
[1.312s] In file included from [01m[K/opt/ros/humble/include/tf2/tf2/LinearMath/Matrix3x3.h:19[m[K,
[1.312s]                  from [01m[K/home/ju/turtlebotsim/src/turtlebot3/nodes/goal_pose_to_nav2.cpp:7[m[K:
[1.312s] [01m[K/opt/ros/humble/include/tf2/tf2/LinearMath/Matrix3x3.hpp:359:32:[m[K [01;36m[Knote: [m[K  initializing argument 1 of â€˜[01m[Kvoid tf2::Matrix3x3::getRPY(tf2Scalar&, tf2Scalar&, tf2Scalar&, unsigned int) const[m[Kâ€™
[1.312s]   359 |         void getRPY([01;36m[Ktf2Scalar& roll[m[K, tf2Scalar& pitch, tf2Scalar& yaw, unsigned int solution_number = 1) const
[1.312s]       |                     [01;36m[K~~~~~~~~~~~^~~~[m[K
[2.982s] gmake[2]: *** [CMakeFiles/goal_pose_to_nav2.dir/build.make:76: CMakeFiles/goal_pose_to_nav2.dir/nodes/goal_pose_to_nav2.cpp.o] Error 1
[2.982s] gmake[1]: *** [CMakeFiles/Makefile2:249: CMakeFiles/goal_pose_to_nav2.dir/all] Error 2
[2.982s] gmake: *** [Makefile:146: all] Error 2
[2.985s] Invoked command in '/home/ju/turtlebotsim/build/turtlebot3' returned '2': CMAKE_PREFIX_PATH=${CMAKE_PREFIX_PATH}:/opt/ros/humble /usr/bin/cmake --build /home/ju/turtlebotsim/build/turtlebot3 -- -j20 -l20
