[0.007s] Invoking command in '/home/ju/turtlebotsim/build/turtlebot3': CMAKE_PREFIX_PATH=${CMAKE_PREFIX_PATH}:/opt/ros/humble /usr/bin/cmake --build /home/ju/turtlebotsim/build/turtlebot3 -- -j20 -l20
[0.025s] -- Found ament_cmake: 1.3.11 (/opt/ros/humble/share/ament_cmake/cmake)
[0.105s] -- Found rclcpp: 16.0.12 (/opt/ros/humble/share/rclcpp/cmake)
[0.121s] -- Found rosidl_generator_c: 3.1.6 (/opt/ros/humble/share/rosidl_generator_c/cmake)
[0.122s] -- Found rosidl_adapter: 3.1.6 (/opt/ros/humble/share/rosidl_adapter/cmake)
[0.125s] -- Found rosidl_generator_cpp: 3.1.6 (/opt/ros/humble/share/rosidl_generator_cpp/cmake)
[0.130s] -- Using all available rosidl_typesupport_c: rosidl_typesupport_fastrtps_c;rosidl_typesupport_introspection_c
[0.136s] -- Using all available rosidl_typesupport_cpp: rosidl_typesupport_fastrtps_cpp;rosidl_typesupport_introspection_cpp
[0.152s] -- Found rmw_implementation_cmake: 6.1.2 (/opt/ros/humble/share/rmw_implementation_cmake/cmake)
[0.152s] -- Found rmw_fastrtps_cpp: 6.2.7 (/opt/ros/humble/share/rmw_fastrtps_cpp/cmake)
[0.215s] -- Using RMW implementation 'rmw_fastrtps_cpp' as default
[0.239s] -- Found rclcpp_action: 16.0.12 (/opt/ros/humble/share/rclcpp_action/cmake)
[0.253s] -- Found geometry_msgs: 4.8.0 (/opt/ros/humble/share/geometry_msgs/cmake)
[0.259s] -- Found nav_msgs: 4.8.0 (/opt/ros/humble/share/nav_msgs/cmake)
[0.267s] -- Found nav2_msgs: 1.1.18 (/opt/ros/humble/share/nav2_msgs/cmake)
[0.282s] -- Found sensor_msgs: 4.8.0 (/opt/ros/humble/share/sensor_msgs/cmake)
[0.292s] -- Found ament_lint_auto: 0.12.12 (/opt/ros/humble/share/ament_lint_auto/cmake)
[0.327s] -- Added test 'cppcheck' to perform static code analysis on C / C++ code
[0.327s] -- Configured cppcheck include dirs: 
[0.327s] -- Configured cppcheck exclude dirs and/or files: 
[0.327s] -- Added test 'flake8' to check Python code syntax and style conventions
[0.327s] -- Added test 'lint_cmake' to check CMake code style
[0.327s] -- Added test 'pep257' to check Python code against some of the docstring style conventions in PEP 257
[0.328s] -- Added test 'uncrustify' to check C / C++ code style
[0.328s] -- Configured uncrustify additional arguments: 
[0.328s] -- Added test 'xmllint' to check XML markup files
[0.329s] -- Configuring done
[0.341s] -- Generating done
[0.341s] -- Build files have been written to: /home/ju/turtlebotsim/build/turtlebot3
[0.359s] [35m[1mConsolidate compiler generated dependencies of target map_to_stl_node[0m
[0.359s] [35m[1mConsolidate compiler generated dependencies of target goal_pose_to_nav2[0m
[0.359s] [35m[1mConsolidate compiler generated dependencies of target map_to_world_node[0m
[0.367s] [ 12%] [32mBuilding CXX object CMakeFiles/map_to_stl_topic.dir/nodes/map_to_stl_topic.cpp.o[0m
[0.369s] [ 37%] Built target map_to_world_node
[0.369s] [ 62%] Built target map_to_stl_node
[0.370s] [ 87%] Built target goal_pose_to_nav2
[0.461s] [01m[K/home/ju/turtlebotsim/src/turtlebot3/nodes/map_to_stl_topic.cpp:2:10:[m[K [01;31m[Kfatal error: [m[Knav_msgs/msg/occupancy_grid.hpp: No such file or directory
[0.461s]     2 | #include [01;31m[K<nav_msgs/msg/occupancy_grid.hpp>[m[K
[0.461s]       |          [01;31m[K^~~~~~~~~~~~~~~~~~~~~~~~~~~~~~~~~[m[K
[0.462s] compilation terminated.
[0.463s] gmake[2]: *** [CMakeFiles/map_to_stl_topic.dir/build.make:76: CMakeFiles/map_to_stl_topic.dir/nodes/map_to_stl_topic.cpp.o] Error 1
[0.463s] gmake[1]: *** [CMakeFiles/Makefile2:221: CMakeFiles/map_to_stl_topic.dir/all] Error 2
[0.463s] gmake: *** [Makefile:146: all] Error 2
[0.465s] Invoked command in '/home/ju/turtlebotsim/build/turtlebot3' returned '2': CMAKE_PREFIX_PATH=${CMAKE_PREFIX_PATH}:/opt/ros/humble /usr/bin/cmake --build /home/ju/turtlebotsim/build/turtlebot3 -- -j20 -l20
