[35m[1mConsolidate compiler generated dependencies of target goal_pose_to_nav2[0m
[ 20%] Built target map_to_stl_topic
[ 40%] Built target map_to_stl_node
[ 60%] Built target cmd_vel_halver
[ 80%] Built target map_to_world_node
[ 90%] [32mBuilding CXX object CMakeFiles/goal_pose_to_nav2.dir/nodes/goal_pose_to_nav2.cpp.o[0m
[01m[K/home/ju/turtlebotsim/src/turtlebot3/nodes/goal_pose_to_nav2.cpp:[m[K In constructor â€˜[01m[KGoalMover::GoalMover()[m[Kâ€™:
[01m[K/home/ju/turtlebotsim/src/turtlebot3/nodes/goal_pose_to_nav2.cpp:202:34:[m[K [01;31m[Kerror: [m[Kâ€˜[01m[Krclcpp::Duration::Duration()[m[Kâ€™ is private within this context
  202 |   GoalMover() : Node("goal_mover"[01;31m[K)[m[K
      |                                  [01;31m[K^[m[K
In file included from [01m[K/opt/ros/humble/include/rclcpp/rclcpp/qos.hpp:20[m[K,
                 from [01m[K/opt/ros/humble/include/rclcpp/rclcpp/node_interfaces/node_graph_interface.hpp:32[m[K,
                 from [01m[K/opt/ros/humble/include/rclcpp/rclcpp/client.hpp:42[m[K,
                 from [01m[K/opt/ros/humble/include/rclcpp/rclcpp/callback_group.hpp:24[m[K,
                 from [01m[K/opt/ros/humble/include/rclcpp/rclcpp/any_executable.hpp:20[m[K,
                 from [01m[K/opt/ros/humble/include/rclcpp/rclcpp/memory_strategy.hpp:25[m[K,
                 from [01m[K/opt/ros/humble/include/rclcpp/rclcpp/memory_strategies.hpp:18[m[K,
                 from [01m[K/opt/ros/humble/include/rclcpp/rclcpp/executor_options.hpp:20[m[K,
                 from [01m[K/opt/ros/humble/include/rclcpp/rclcpp/executor.hpp:37[m[K,
                 from [01m[K/opt/ros/humble/include/rclcpp/rclcpp/executors/multi_threaded_executor.hpp:25[m[K,
                 from [01m[K/opt/ros/humble/include/rclcpp/rclcpp/executors.hpp:21[m[K,
                 from [01m[K/opt/ros/humble/include/rclcpp/rclcpp/rclcpp.hpp:155[m[K,
                 from [01m[K/home/ju/turtlebotsim/src/turtlebot3/nodes/goal_pose_to_nav2.cpp:191[m[K:
[01m[K/opt/ros/humble/include/rclcpp/rclcpp/duration.hpp:151:3:[m[K [01;36m[Knote: [m[Kdeclared private here
  151 |   [01;36m[KDuration[m[K() = default;
      |   [01;36m[K^~~~~~~~[m[K
gmake[2]: *** [CMakeFiles/goal_pose_to_nav2.dir/build.make:76: CMakeFiles/goal_pose_to_nav2.dir/nodes/goal_pose_to_nav2.cpp.o] Error 1
gmake[1]: *** [CMakeFiles/Makefile2:249: CMakeFiles/goal_pose_to_nav2.dir/all] Error 2
gmake: *** [Makefile:146: all] Error 2
