[0.010s] Invoking command in '/home/ju/turtlebotsim/build/turtlebot3': CMAKE_PREFIX_PATH=${CMAKE_PREFIX_PATH}:/opt/ros/humble /usr/bin/cmake --build /home/ju/turtlebotsim/build/turtlebot3 -- -j20 -l20
[0.039s] [35m[1mConsolidate compiler generated dependencies of target goal_pose_to_nav2[0m
[0.039s] [35m[1mConsolidate compiler generated dependencies of target map_to_stl_node[0m
[0.039s] [35m[1mConsolidate compiler generated dependencies of target map_to_world_node[0m
[0.049s] [ 33%] Built target goal_pose_to_nav2
[0.051s] [ 50%] [32mBuilding CXX object CMakeFiles/map_to_stl_node.dir/nodes/map_to_stl_node.cpp.o[0m
[0.052s] [ 83%] Built target map_to_world_node
[0.166s] [01m[K/home/ju/turtlebotsim/src/turtlebot3/nodes/map_to_stl_node.cpp:2:10:[m[K [01;31m[Kfatal error: [m[Knav_msgs/msg/occupancy_grid.hpp: No such file or directory
[0.166s]     2 | #include [01;31m[K<nav_msgs/msg/occupancy_grid.hpp>[m[K
[0.166s]       |          [01;31m[K^~~~~~~~~~~~~~~~~~~~~~~~~~~~~~~~~[m[K
[0.166s] compilation terminated.
[0.167s] gmake[2]: *** [CMakeFiles/map_to_stl_node.dir/build.make:76: CMakeFiles/map_to_stl_node.dir/nodes/map_to_stl_node.cpp.o] Error 1
[0.167s] gmake[1]: *** [CMakeFiles/Makefile2:141: CMakeFiles/map_to_stl_node.dir/all] Error 2
[0.167s] gmake: *** [Makefile:146: all] Error 2
[0.169s] Invoked command in '/home/ju/turtlebotsim/build/turtlebot3' returned '2': CMAKE_PREFIX_PATH=${CMAKE_PREFIX_PATH}:/opt/ros/humble /usr/bin/cmake --build /home/ju/turtlebotsim/build/turtlebot3 -- -j20 -l20
