[0.009s] Invoking command in '/home/ju/turtlebotsim/build/turtlebot3': CMAKE_PREFIX_PATH=${CMAKE_PREFIX_PATH}:/opt/ros/humble /usr/bin/cmake --build /home/ju/turtlebotsim/build/turtlebot3 -- -j20 -l20
[0.038s] [35m[1mConsolidate compiler generated dependencies of target goal_pose_to_nav2[0m
[0.047s] [ 10%] [32mBuilding CXX object CMakeFiles/goal_pose_to_nav2.dir/nodes/goal_pose_to_nav2.cpp.o[0m
[0.047s] [ 30%] Built target cmd_vel_halver
[0.048s] [ 50%] Built target map_to_world_node
[0.050s] [ 70%] Built target map_to_stl_node
[0.051s] [ 90%] Built target map_to_stl_topic
[1.314s] [01m[K/home/ju/turtlebotsim/src/turtlebot3/nodes/goal_pose_to_nav2.cpp:[m[K In member function â€˜[01m[Kvoid GoalMover::move_to_goal()[m[Kâ€™:
[1.314s] [01m[K/home/ju/turtlebotsim/src/turtlebot3/nodes/goal_pose_to_nav2.cpp:86:16:[m[K [01;31m[Kerror: [m[Kâ€˜[01m[Kdist_thresh[m[Kâ€™ was not declared in this scope
[1.314s]    86 |     if (dist < [01;31m[Kdist_thresh[m[K && std::abs(yaw_error) < yaw_thresh) {
[1.314s]       |                [01;31m[K^~~~~~~~~~~[m[K
[1.317s] [01m[K/home/ju/turtlebotsim/src/turtlebot3/nodes/goal_pose_to_nav2.cpp:86:53:[m[K [01;31m[Kerror: [m[Kâ€˜[01m[Kyaw_thresh[m[Kâ€™ was not declared in this scope
[1.317s]    86 |     if (dist < dist_thresh && std::abs(yaw_error) < [01;31m[Kyaw_thresh[m[K) {
[1.317s]       |                                                     [01;31m[K^~~~~~~~~~[m[K
[3.008s] gmake[2]: *** [CMakeFiles/goal_pose_to_nav2.dir/build.make:76: CMakeFiles/goal_pose_to_nav2.dir/nodes/goal_pose_to_nav2.cpp.o] Error 1
[3.008s] gmake[1]: *** [CMakeFiles/Makefile2:249: CMakeFiles/goal_pose_to_nav2.dir/all] Error 2
[3.008s] gmake: *** [Makefile:146: all] Error 2
[3.010s] Invoked command in '/home/ju/turtlebotsim/build/turtlebot3' returned '2': CMAKE_PREFIX_PATH=${CMAKE_PREFIX_PATH}:/opt/ros/humble /usr/bin/cmake --build /home/ju/turtlebotsim/build/turtlebot3 -- -j20 -l20
